2022/10/19 11:27:49 [notice] 1#1: using the "epoll" event method
2022/10/19 11:27:49 [notice] 1#1: nginx/1.23.1
2022/10/19 11:27:49 [notice] 1#1: built by gcc 10.2.1 20210110 (Debian 10.2.1-6) 
2022/10/19 11:27:49 [notice] 1#1: OS: Linux 5.4.0-126-generic
2022/10/19 11:27:49 [notice] 1#1: getrlimit(RLIMIT_NOFILE): 1024:524288
2022/10/19 11:27:49 [notice] 1#1: start worker processes
2022/10/19 11:27:49 [notice] 1#1: start worker process 31
2022/10/19 11:30:34 [notice] 1#1: signal 3 (SIGQUIT) received, shutting down
2022/10/19 11:30:34 [notice] 31#31: gracefully shutting down
2022/10/19 11:30:34 [notice] 31#31: exiting
2022/10/19 11:30:34 [notice] 31#31: exit
2022/10/19 11:30:34 [notice] 1#1: signal 17 (SIGCHLD) received from 31
2022/10/19 11:30:34 [notice] 1#1: worker process 31 exited with code 0
2022/10/19 11:30:34 [notice] 1#1: exit
2022/10/19 11:31:26 [notice] 1#1: using the "epoll" event method
2022/10/19 11:31:26 [notice] 1#1: nginx/1.23.1
2022/10/19 11:31:26 [notice] 1#1: built by gcc 10.2.1 20210110 (Debian 10.2.1-6) 
2022/10/19 11:31:26 [notice] 1#1: OS: Linux 5.4.0-126-generic
2022/10/19 11:31:26 [notice] 1#1: getrlimit(RLIMIT_NOFILE): 1024:524288
2022/10/19 11:31:26 [notice] 1#1: start worker processes
2022/10/19 11:31:26 [notice] 1#1: start worker process 23
2022/10/19 11:32:42 [notice] 1#1: signal 3 (SIGQUIT) received, shutting down
2022/10/19 11:32:42 [notice] 23#23: gracefully shutting down
2022/10/19 11:32:42 [notice] 23#23: exiting
2022/10/19 11:32:42 [notice] 23#23: exit
2022/10/19 11:32:42 [notice] 1#1: signal 17 (SIGCHLD) received from 23
2022/10/19 11:32:42 [notice] 1#1: worker process 23 exited with code 0
2022/10/19 11:32:42 [notice] 1#1: exit
2022/10/19 11:33:19 [notice] 1#1: using the "epoll" event method
2022/10/19 11:33:19 [notice] 1#1: nginx/1.23.1
2022/10/19 11:33:19 [notice] 1#1: built by gcc 10.2.1 20210110 (Debian 10.2.1-6) 
2022/10/19 11:33:19 [notice] 1#1: OS: Linux 5.4.0-126-generic
2022/10/19 11:33:19 [notice] 1#1: getrlimit(RLIMIT_NOFILE): 1024:524288
2022/10/19 11:33:19 [notice] 1#1: start worker processes
2022/10/19 11:33:19 [notice] 1#1: start worker process 24
2022/10/19 11:35:17 [error] 24#24: *2 FastCGI sent in stderr: "Primary script unknown" while reading response header from upstream, client: 172.18.0.1, server: php-docker, request: "GET / HTTP/1.1", upstream: "fastcgi://172.18.0.2:9000", host: "php-docker"
2022/10/19 11:35:27 [error] 24#24: *4 FastCGI sent in stderr: "Primary script unknown" while reading response header from upstream, client: 172.18.0.1, server: php-docker, request: "GET / HTTP/1.1", upstream: "fastcgi://172.18.0.2:9000", host: "php-docker"
2022/10/19 11:35:43 [notice] 1#1: signal 3 (SIGQUIT) received, shutting down
2022/10/19 11:35:43 [notice] 24#24: gracefully shutting down
2022/10/19 11:35:43 [notice] 24#24: exiting
2022/10/19 11:35:43 [notice] 24#24: exit
2022/10/19 11:35:43 [notice] 1#1: signal 17 (SIGCHLD) received from 24
2022/10/19 11:35:43 [notice] 1#1: worker process 24 exited with code 0
2022/10/19 11:35:43 [notice] 1#1: exit
2022/10/19 11:38:01 [notice] 1#1: using the "epoll" event method
2022/10/19 11:38:01 [notice] 1#1: nginx/1.23.1
2022/10/19 11:38:01 [notice] 1#1: built by gcc 10.2.1 20210110 (Debian 10.2.1-6) 
2022/10/19 11:38:01 [notice] 1#1: OS: Linux 5.4.0-126-generic
2022/10/19 11:38:01 [notice] 1#1: getrlimit(RLIMIT_NOFILE): 1024:524288
2022/10/19 11:38:01 [notice] 1#1: start worker processes
2022/10/19 11:38:01 [notice] 1#1: start worker process 23
2022/10/19 11:38:09 [error] 23#23: *1 FastCGI sent in stderr: "Primary script unknown" while reading response header from upstream, client: 172.18.0.1, server: php-docker, request: "GET / HTTP/1.1", upstream: "fastcgi://172.18.0.2:9000", host: "php-docker"
2022/10/19 11:40:22 [error] 23#23: *3 FastCGI sent in stderr: "Primary script unknown" while reading response header from upstream, client: 172.18.0.1, server: php-docker, request: "GET / HTTP/1.1", upstream: "fastcgi://172.18.0.2:9000", host: "php-docker"
2022/10/19 11:45:45 [notice] 60#60: signal process started
2022/10/19 11:45:45 [notice] 1#1: signal 1 (SIGHUP) received from 60, reconfiguring
2022/10/19 11:45:45 [notice] 1#1: reconfiguring
2022/10/19 11:45:45 [notice] 1#1: using the "epoll" event method
2022/10/19 11:45:45 [notice] 1#1: start worker processes
2022/10/19 11:45:45 [notice] 1#1: start worker process 65
2022/10/19 11:45:45 [notice] 23#23: gracefully shutting down
2022/10/19 11:45:45 [notice] 23#23: exiting
2022/10/19 11:45:45 [notice] 23#23: exit
2022/10/19 11:45:45 [notice] 1#1: signal 17 (SIGCHLD) received from 23
2022/10/19 11:45:45 [notice] 1#1: worker process 23 exited with code 0
2022/10/19 11:45:45 [notice] 1#1: signal 29 (SIGIO) received
2022/10/19 11:45:50 [error] 65#65: *5 FastCGI sent in stderr: "Primary script unknown" while reading response header from upstream, client: 172.18.0.1, server: php-docker, request: "GET / HTTP/1.1", upstream: "fastcgi://172.18.0.2:9000", host: "php-docker"
2022/10/19 11:46:48 [error] 65#65: *7 FastCGI sent in stderr: "Primary script unknown" while reading response header from upstream, client: 172.18.0.1, server: php-docker, request: "GET /test.php HTTP/1.1", upstream: "fastcgi://172.18.0.2:9000", host: "php-docker"
2022/10/19 11:48:48 [error] 65#65: *9 FastCGI sent in stderr: "Primary script unknown" while reading response header from upstream, client: 172.18.0.1, server: php-docker, request: "GET /test.php HTTP/1.1", upstream: "fastcgi://172.18.0.2:9000", host: "php-docker"
2022/10/19 11:49:43 [error] 65#65: *13 FastCGI sent in stderr: "Primary script unknown" while reading response header from upstream, client: 172.18.0.1, server: php-docker, request: "GET /test.php HTTP/1.1", upstream: "fastcgi://172.18.0.2:9000", host: "php-docker"
2022/10/19 11:52:52 [notice] 1#1: signal 3 (SIGQUIT) received, shutting down
2022/10/19 11:52:52 [notice] 65#65: gracefully shutting down
2022/10/19 11:52:52 [notice] 65#65: exiting
2022/10/19 11:52:52 [notice] 65#65: exit
2022/10/19 11:52:52 [notice] 1#1: signal 17 (SIGCHLD) received from 65
2022/10/19 11:52:52 [notice] 1#1: worker process 65 exited with code 0
2022/10/19 11:52:52 [notice] 1#1: exit
2022/10/19 12:01:24 [notice] 1#1: using the "epoll" event method
2022/10/19 12:01:24 [notice] 1#1: nginx/1.23.1
2022/10/19 12:01:24 [notice] 1#1: built by gcc 10.2.1 20210110 (Debian 10.2.1-6) 
2022/10/19 12:01:24 [notice] 1#1: OS: Linux 5.4.0-126-generic
2022/10/19 12:01:24 [notice] 1#1: getrlimit(RLIMIT_NOFILE): 1024:524288
2022/10/19 12:01:24 [notice] 1#1: start worker processes
2022/10/19 12:01:24 [notice] 1#1: start worker process 30
2022/10/19 12:01:34 [error] 30#30: *1 connect() failed (111: Connection refused) while connecting to upstream, client: 172.18.0.1, server: php-docker, request: "GET /test.php HTTP/1.1", upstream: "fastcgi://172.18.0.2:9000", host: "php-docker"
2022/10/19 12:03:14 [notice] 1#1: signal 3 (SIGQUIT) received, shutting down
2022/10/19 12:03:14 [notice] 30#30: gracefully shutting down
2022/10/19 12:03:14 [notice] 30#30: exiting
2022/10/19 12:03:14 [notice] 30#30: exit
2022/10/19 12:03:14 [notice] 1#1: signal 17 (SIGCHLD) received from 30
2022/10/19 12:03:14 [notice] 1#1: worker process 30 exited with code 0
2022/10/19 12:03:14 [notice] 1#1: exit
2022/10/19 12:08:04 [notice] 1#1: using the "epoll" event method
2022/10/19 12:08:04 [notice] 1#1: nginx/1.23.1
2022/10/19 12:08:04 [notice] 1#1: built by gcc 10.2.1 20210110 (Debian 10.2.1-6) 
2022/10/19 12:08:04 [notice] 1#1: OS: Linux 5.4.0-126-generic
2022/10/19 12:08:04 [notice] 1#1: getrlimit(RLIMIT_NOFILE): 1024:524288
2022/10/19 12:08:04 [notice] 1#1: start worker processes
2022/10/19 12:08:04 [notice] 1#1: start worker process 30
2022/10/19 12:08:14 [error] 30#30: *1 connect() failed (111: Connection refused) while connecting to upstream, client: 172.18.0.1, server: php-docker, request: "GET /test.php HTTP/1.1", upstream: "fastcgi://172.18.0.2:9000", host: "php-docker"
2022/10/19 12:09:39 [error] 30#30: *3 connect() failed (111: Connection refused) while connecting to upstream, client: 172.18.0.1, server: php-docker, request: "GET / HTTP/1.1", upstream: "fastcgi://172.18.0.2:9000", host: "php-docker"
2022/10/19 12:13:54 [notice] 1#1: signal 3 (SIGQUIT) received, shutting down
2022/10/19 12:13:54 [notice] 30#30: gracefully shutting down
2022/10/19 12:13:54 [notice] 30#30: exiting
2022/10/19 12:13:54 [notice] 30#30: exit
2022/10/19 12:13:54 [notice] 1#1: signal 17 (SIGCHLD) received from 30
2022/10/19 12:13:54 [notice] 1#1: worker process 30 exited with code 0
2022/10/19 12:13:54 [notice] 1#1: exit
2022/10/19 12:13:58 [notice] 1#1: using the "epoll" event method
2022/10/19 12:13:58 [notice] 1#1: nginx/1.23.1
2022/10/19 12:13:58 [notice] 1#1: built by gcc 10.2.1 20210110 (Debian 10.2.1-6) 
2022/10/19 12:13:58 [notice] 1#1: OS: Linux 5.4.0-126-generic
2022/10/19 12:13:58 [notice] 1#1: getrlimit(RLIMIT_NOFILE): 1024:524288
2022/10/19 12:13:58 [notice] 1#1: start worker processes
2022/10/19 12:13:58 [notice] 1#1: start worker process 23
2022/10/19 12:14:08 [error] 23#23: *1 connect() failed (111: Connection refused) while connecting to upstream, client: 172.18.0.1, server: php-docker, request: "GET / HTTP/1.1", upstream: "fastcgi://172.18.0.2:9000", host: "php-docker"
2022/10/19 12:14:25 [error] 23#23: *3 connect() failed (111: Connection refused) while connecting to upstream, client: 172.18.0.1, server: php-docker, request: "GET / HTTP/1.1", upstream: "fastcgi://172.18.0.2:9000", host: "php-docker"
2022/10/19 12:16:02 [notice] 1#1: signal 3 (SIGQUIT) received, shutting down
2022/10/19 12:16:02 [notice] 23#23: gracefully shutting down
2022/10/19 12:16:02 [notice] 23#23: exiting
2022/10/19 12:16:02 [notice] 23#23: exit
2022/10/19 12:16:02 [notice] 1#1: signal 17 (SIGCHLD) received from 23
2022/10/19 12:16:02 [notice] 1#1: worker process 23 exited with code 0
2022/10/19 12:16:02 [notice] 1#1: exit
2022/10/19 12:16:55 [notice] 1#1: using the "epoll" event method
2022/10/19 12:16:55 [notice] 1#1: nginx/1.23.1
2022/10/19 12:16:55 [notice] 1#1: built by gcc 10.2.1 20210110 (Debian 10.2.1-6) 
2022/10/19 12:16:55 [notice] 1#1: OS: Linux 5.4.0-126-generic
2022/10/19 12:16:55 [notice] 1#1: getrlimit(RLIMIT_NOFILE): 1024:524288
2022/10/19 12:16:55 [notice] 1#1: start worker processes
2022/10/19 12:16:55 [notice] 1#1: start worker process 23
2022/10/19 12:17:10 [error] 23#23: *1 connect() failed (111: Connection refused) while connecting to upstream, client: 172.18.0.1, server: php-docker, request: "GET / HTTP/1.1", upstream: "fastcgi://172.18.0.2:9000", host: "php-docker"
2022/10/19 12:19:56 [notice] 1#1: signal 3 (SIGQUIT) received, shutting down
2022/10/19 12:19:56 [notice] 23#23: gracefully shutting down
2022/10/19 12:19:56 [notice] 23#23: exiting
2022/10/19 12:19:56 [notice] 23#23: exit
2022/10/19 12:19:56 [notice] 1#1: signal 17 (SIGCHLD) received from 23
2022/10/19 12:19:56 [notice] 1#1: worker process 23 exited with code 0
2022/10/19 12:19:56 [notice] 1#1: exit
2022/10/19 12:22:26 [notice] 1#1: using the "epoll" event method
2022/10/19 12:22:26 [notice] 1#1: nginx/1.23.1
2022/10/19 12:22:26 [notice] 1#1: built by gcc 10.2.1 20210110 (Debian 10.2.1-6) 
2022/10/19 12:22:26 [notice] 1#1: OS: Linux 5.4.0-126-generic
2022/10/19 12:22:26 [notice] 1#1: getrlimit(RLIMIT_NOFILE): 1024:524288
2022/10/19 12:22:26 [notice] 1#1: start worker processes
2022/10/19 12:22:26 [notice] 1#1: start worker process 23
2022/10/19 12:22:38 [error] 23#23: *1 connect() failed (111: Connection refused) while connecting to upstream, client: 172.18.0.1, server: php-docker, request: "GET / HTTP/1.1", upstream: "fastcgi://172.18.0.2:9000", host: "php-docker"
2022/10/19 13:42:22 [notice] 1#1: using the "epoll" event method
2022/10/19 13:42:22 [notice] 1#1: nginx/1.23.1
2022/10/19 13:42:22 [notice] 1#1: built by gcc 10.2.1 20210110 (Debian 10.2.1-6) 
2022/10/19 13:42:22 [notice] 1#1: OS: Linux 5.4.0-126-generic
2022/10/19 13:42:22 [notice] 1#1: getrlimit(RLIMIT_NOFILE): 1024:524288
2022/10/19 13:42:22 [notice] 1#1: start worker processes
2022/10/19 13:42:22 [notice] 1#1: start worker process 23
2022/10/19 13:42:26 [error] 23#23: *1 connect() failed (111: Connection refused) while connecting to upstream, client: 172.18.0.1, server: php-docker, request: "GET / HTTP/1.1", upstream: "fastcgi://172.18.0.2:9000", host: "php-docker"
2022/10/19 13:42:33 [error] 23#23: *3 connect() failed (111: Connection refused) while connecting to upstream, client: 172.18.0.1, server: php-docker, request: "GET /test.php HTTP/1.1", upstream: "fastcgi://172.18.0.2:9000", host: "php-docker"
2022/10/19 13:42:38 [error] 23#23: *5 connect() failed (111: Connection refused) while connecting to upstream, client: 172.18.0.1, server: php-docker, request: "GET /test.php HTTP/1.1", upstream: "fastcgi://172.18.0.2:9000", host: "php-docker"
2022/10/19 13:45:45 [notice] 1#1: signal 3 (SIGQUIT) received, shutting down
2022/10/19 13:45:45 [notice] 23#23: gracefully shutting down
2022/10/19 13:45:45 [notice] 23#23: exiting
2022/10/19 13:45:45 [notice] 23#23: exit
2022/10/19 13:45:45 [notice] 1#1: signal 17 (SIGCHLD) received from 23
2022/10/19 13:45:45 [notice] 1#1: worker process 23 exited with code 0
2022/10/19 13:45:45 [notice] 1#1: exit
2022/10/19 14:01:39 [notice] 1#1: using the "epoll" event method
2022/10/19 14:01:39 [notice] 1#1: nginx/1.23.1
2022/10/19 14:01:39 [notice] 1#1: built by gcc 10.2.1 20210110 (Debian 10.2.1-6) 
2022/10/19 14:01:39 [notice] 1#1: OS: Linux 5.4.0-126-generic
2022/10/19 14:01:39 [notice] 1#1: getrlimit(RLIMIT_NOFILE): 1024:524288
2022/10/19 14:01:39 [notice] 1#1: start worker processes
2022/10/19 14:01:39 [notice] 1#1: start worker process 30
2022/10/19 14:02:16 [notice] 1#1: signal 3 (SIGQUIT) received, shutting down
2022/10/19 14:02:16 [notice] 30#30: gracefully shutting down
2022/10/19 14:02:16 [notice] 30#30: exiting
2022/10/19 14:02:16 [notice] 30#30: exit
2022/10/19 14:02:16 [notice] 1#1: signal 17 (SIGCHLD) received from 30
2022/10/19 14:02:16 [notice] 1#1: worker process 30 exited with code 0
2022/10/19 14:02:16 [notice] 1#1: exit
2022/10/19 14:02:39 [notice] 1#1: using the "epoll" event method
2022/10/19 14:02:39 [notice] 1#1: nginx/1.23.1
2022/10/19 14:02:39 [notice] 1#1: built by gcc 10.2.1 20210110 (Debian 10.2.1-6) 
2022/10/19 14:02:39 [notice] 1#1: OS: Linux 5.4.0-126-generic
2022/10/19 14:02:39 [notice] 1#1: getrlimit(RLIMIT_NOFILE): 1024:524288
2022/10/19 14:02:39 [notice] 1#1: start worker processes
2022/10/19 14:02:39 [notice] 1#1: start worker process 23
2022/10/19 14:05:23 [notice] 1#1: signal 3 (SIGQUIT) received, shutting down
2022/10/19 14:05:23 [notice] 23#23: gracefully shutting down
2022/10/19 14:05:23 [notice] 23#23: exiting
2022/10/19 14:05:23 [notice] 23#23: exit
2022/10/19 14:05:23 [notice] 1#1: signal 17 (SIGCHLD) received from 23
2022/10/19 14:05:23 [notice] 1#1: worker process 23 exited with code 0
2022/10/19 14:05:23 [notice] 1#1: exit
2022/10/19 14:05:59 [notice] 1#1: using the "epoll" event method
2022/10/19 14:05:59 [notice] 1#1: nginx/1.23.1
2022/10/19 14:05:59 [notice] 1#1: built by gcc 10.2.1 20210110 (Debian 10.2.1-6) 
2022/10/19 14:05:59 [notice] 1#1: OS: Linux 5.4.0-126-generic
2022/10/19 14:05:59 [notice] 1#1: getrlimit(RLIMIT_NOFILE): 1024:524288
2022/10/19 14:05:59 [notice] 1#1: start worker processes
2022/10/19 14:05:59 [notice] 1#1: start worker process 23
2022/10/19 14:14:21 [notice] 1#1: signal 3 (SIGQUIT) received, shutting down
2022/10/19 14:14:21 [notice] 23#23: gracefully shutting down
2022/10/19 14:14:21 [notice] 23#23: exiting
2022/10/19 14:14:21 [notice] 23#23: exit
2022/10/19 14:14:21 [notice] 1#1: signal 17 (SIGCHLD) received from 23
2022/10/19 14:14:21 [notice] 1#1: worker process 23 exited with code 0
2022/10/19 14:14:21 [notice] 1#1: exit
2022/10/19 14:14:44 [notice] 1#1: using the "epoll" event method
2022/10/19 14:14:44 [notice] 1#1: nginx/1.23.1
2022/10/19 14:14:44 [notice] 1#1: built by gcc 10.2.1 20210110 (Debian 10.2.1-6) 
2022/10/19 14:14:44 [notice] 1#1: OS: Linux 5.4.0-126-generic
2022/10/19 14:14:44 [notice] 1#1: getrlimit(RLIMIT_NOFILE): 1024:524288
2022/10/19 14:14:44 [notice] 1#1: start worker processes
2022/10/19 14:14:44 [notice] 1#1: start worker process 23
2022/10/19 14:15:56 [notice] 1#1: signal 3 (SIGQUIT) received, shutting down
2022/10/19 14:15:56 [notice] 23#23: gracefully shutting down
2022/10/19 14:15:56 [notice] 23#23: exiting
2022/10/19 14:15:56 [notice] 23#23: exit
2022/10/19 14:15:56 [notice] 1#1: signal 17 (SIGCHLD) received from 23
2022/10/19 14:15:56 [notice] 1#1: worker process 23 exited with code 0
2022/10/19 14:15:56 [notice] 1#1: exit
2022/10/19 14:16:04 [notice] 1#1: using the "epoll" event method
2022/10/19 14:16:04 [notice] 1#1: nginx/1.23.1
2022/10/19 14:16:04 [notice] 1#1: built by gcc 10.2.1 20210110 (Debian 10.2.1-6) 
2022/10/19 14:16:04 [notice] 1#1: OS: Linux 5.4.0-126-generic
2022/10/19 14:16:04 [notice] 1#1: getrlimit(RLIMIT_NOFILE): 1024:524288
2022/10/19 14:16:04 [notice] 1#1: start worker processes
2022/10/19 14:16:04 [notice] 1#1: start worker process 23
2022/10/19 14:17:14 [notice] 1#1: signal 3 (SIGQUIT) received, shutting down
2022/10/19 14:17:14 [notice] 23#23: gracefully shutting down
2022/10/19 14:17:14 [notice] 23#23: exiting
2022/10/19 14:17:14 [notice] 23#23: exit
2022/10/19 14:17:14 [notice] 1#1: signal 17 (SIGCHLD) received from 23
2022/10/19 14:17:14 [notice] 1#1: worker process 23 exited with code 0
2022/10/19 14:17:14 [notice] 1#1: exit
2022/10/19 14:17:50 [notice] 1#1: using the "epoll" event method
2022/10/19 14:17:50 [notice] 1#1: nginx/1.23.1
2022/10/19 14:17:50 [notice] 1#1: built by gcc 10.2.1 20210110 (Debian 10.2.1-6) 
2022/10/19 14:17:50 [notice] 1#1: OS: Linux 5.4.0-126-generic
2022/10/19 14:17:50 [notice] 1#1: getrlimit(RLIMIT_NOFILE): 1024:524288
2022/10/19 14:17:50 [notice] 1#1: start worker processes
2022/10/19 14:17:50 [notice] 1#1: start worker process 23
2022/10/19 14:20:15 [notice] 1#1: signal 3 (SIGQUIT) received, shutting down
2022/10/19 14:20:15 [notice] 23#23: gracefully shutting down
2022/10/19 14:20:15 [notice] 23#23: exiting
2022/10/19 14:20:15 [notice] 23#23: exit
2022/10/19 14:20:15 [notice] 1#1: signal 17 (SIGCHLD) received from 23
2022/10/19 14:20:15 [notice] 1#1: worker process 23 exited with code 0
2022/10/19 14:20:15 [notice] 1#1: exit
2022/10/19 14:20:33 [notice] 1#1: using the "epoll" event method
2022/10/19 14:20:33 [notice] 1#1: nginx/1.23.1
2022/10/19 14:20:33 [notice] 1#1: built by gcc 10.2.1 20210110 (Debian 10.2.1-6) 
2022/10/19 14:20:33 [notice] 1#1: OS: Linux 5.4.0-126-generic
2022/10/19 14:20:33 [notice] 1#1: getrlimit(RLIMIT_NOFILE): 1024:524288
2022/10/19 14:20:33 [notice] 1#1: start worker processes
2022/10/19 14:20:33 [notice] 1#1: start worker process 23
2022/10/19 14:23:53 [notice] 1#1: signal 3 (SIGQUIT) received, shutting down
2022/10/19 14:23:53 [notice] 23#23: gracefully shutting down
2022/10/19 14:23:53 [notice] 23#23: exiting
2022/10/19 14:23:53 [notice] 23#23: exit
2022/10/19 14:23:53 [notice] 1#1: signal 17 (SIGCHLD) received from 23
2022/10/19 14:23:53 [notice] 1#1: worker process 23 exited with code 0
2022/10/19 14:23:53 [notice] 1#1: exit
2022/10/19 14:26:26 [notice] 1#1: using the "epoll" event method
2022/10/19 14:26:26 [notice] 1#1: nginx/1.23.1
2022/10/19 14:26:26 [notice] 1#1: built by gcc 10.2.1 20210110 (Debian 10.2.1-6) 
2022/10/19 14:26:26 [notice] 1#1: OS: Linux 5.4.0-126-generic
2022/10/19 14:26:26 [notice] 1#1: getrlimit(RLIMIT_NOFILE): 1024:524288
2022/10/19 14:26:26 [notice] 1#1: start worker processes
2022/10/19 14:26:26 [notice] 1#1: start worker process 30
2022/10/19 14:27:47 [notice] 1#1: signal 3 (SIGQUIT) received, shutting down
2022/10/19 14:27:47 [notice] 30#30: gracefully shutting down
2022/10/19 14:27:47 [notice] 30#30: exiting
2022/10/19 14:27:47 [notice] 30#30: exit
2022/10/19 14:27:47 [notice] 1#1: signal 17 (SIGCHLD) received from 30
2022/10/19 14:27:47 [notice] 1#1: worker process 30 exited with code 0
2022/10/19 14:27:47 [notice] 1#1: exit
2022/10/19 14:29:41 [emerg] 1#1: invalid URL prefix in /etc/nginx/conf.d/server.conf:18
2022/10/19 14:30:23 [notice] 1#1: using the "epoll" event method
2022/10/19 14:30:23 [notice] 1#1: nginx/1.23.1
2022/10/19 14:30:23 [notice] 1#1: built by gcc 10.2.1 20210110 (Debian 10.2.1-6) 
2022/10/19 14:30:23 [notice] 1#1: OS: Linux 5.4.0-126-generic
2022/10/19 14:30:23 [notice] 1#1: getrlimit(RLIMIT_NOFILE): 1024:524288
2022/10/19 14:30:23 [notice] 1#1: start worker processes
2022/10/19 14:30:23 [notice] 1#1: start worker process 23
2022/10/19 14:32:08 [error] 23#23: *4 open() "/usr/share/nginx/html/test.php" failed (2: No such file or directory), client: 172.18.0.1, server: localhost, request: "GET /test.php HTTP/1.1", host: "php-docker"
2022/10/19 14:33:34 [notice] 1#1: signal 3 (SIGQUIT) received, shutting down
2022/10/19 14:33:34 [notice] 23#23: gracefully shutting down
2022/10/19 14:33:34 [notice] 23#23: exiting
2022/10/19 14:33:34 [notice] 23#23: exit
2022/10/19 14:33:34 [notice] 1#1: signal 17 (SIGCHLD) received from 23
2022/10/19 14:33:34 [notice] 1#1: worker process 23 exited with code 0
2022/10/19 14:33:34 [notice] 1#1: exit
2022/10/19 14:34:12 [emerg] 1#1: invalid number of arguments in "proxy_set_header" directive in /etc/nginx/conf.d/server.conf:20
2022/10/19 14:35:12 [notice] 1#1: using the "epoll" event method
2022/10/19 14:35:12 [notice] 1#1: nginx/1.23.1
2022/10/19 14:35:12 [notice] 1#1: built by gcc 10.2.1 20210110 (Debian 10.2.1-6) 
2022/10/19 14:35:12 [notice] 1#1: OS: Linux 5.4.0-126-generic
2022/10/19 14:35:12 [notice] 1#1: getrlimit(RLIMIT_NOFILE): 1024:524288
2022/10/19 14:35:12 [notice] 1#1: start worker processes
2022/10/19 14:35:12 [notice] 1#1: start worker process 23
2022/10/19 14:35:16 [error] 23#23: *1 open() "/usr/share/nginx/html/test.php" failed (2: No such file or directory), client: 172.18.0.1, server: localhost, request: "GET /test.php HTTP/1.1", host: "php-docker"
2022/10/19 14:36:19 [notice] 1#1: signal 3 (SIGQUIT) received, shutting down
2022/10/19 14:36:19 [notice] 23#23: gracefully shutting down
2022/10/19 14:36:19 [notice] 23#23: exiting
2022/10/19 14:36:19 [notice] 23#23: exit
2022/10/19 14:36:19 [notice] 1#1: signal 17 (SIGCHLD) received from 23
2022/10/19 14:36:19 [notice] 1#1: worker process 23 exited with code 0
2022/10/19 14:36:19 [notice] 1#1: exit
2022/10/19 14:36:44 [notice] 1#1: using the "epoll" event method
2022/10/19 14:36:44 [notice] 1#1: nginx/1.23.1
2022/10/19 14:36:44 [notice] 1#1: built by gcc 10.2.1 20210110 (Debian 10.2.1-6) 
2022/10/19 14:36:44 [notice] 1#1: OS: Linux 5.4.0-126-generic
2022/10/19 14:36:44 [notice] 1#1: getrlimit(RLIMIT_NOFILE): 1024:524288
2022/10/19 14:36:44 [notice] 1#1: start worker processes
2022/10/19 14:36:44 [notice] 1#1: start worker process 23
2022/10/19 14:37:08 [error] 23#23: *2 open() "/usr/share/nginx/html/test.php" failed (2: No such file or directory), client: 172.18.0.1, server: localhost, request: "GET /test.php HTTP/1.1", host: "php-docker"
2022/10/19 14:37:38 [notice] 1#1: signal 3 (SIGQUIT) received, shutting down
2022/10/19 14:37:38 [notice] 23#23: gracefully shutting down
2022/10/19 14:37:38 [notice] 23#23: exiting
2022/10/19 14:37:38 [notice] 23#23: exit
2022/10/19 14:37:38 [notice] 1#1: signal 17 (SIGCHLD) received from 23
2022/10/19 14:37:38 [notice] 1#1: worker process 23 exited with code 0
2022/10/19 14:37:38 [notice] 1#1: exit
2022/10/19 14:41:42 [notice] 1#1: using the "epoll" event method
2022/10/19 14:41:42 [notice] 1#1: nginx/1.23.1
2022/10/19 14:41:42 [notice] 1#1: built by gcc 10.2.1 20210110 (Debian 10.2.1-6) 
2022/10/19 14:41:42 [notice] 1#1: OS: Linux 5.4.0-126-generic
2022/10/19 14:41:42 [notice] 1#1: getrlimit(RLIMIT_NOFILE): 1024:524288
2022/10/19 14:41:42 [notice] 1#1: start worker processes
2022/10/19 14:41:42 [notice] 1#1: start worker process 23
2022/10/19 14:41:56 [error] 23#23: *1 open() "/usr/share/nginx/html/test.php" failed (2: No such file or directory), client: 172.18.0.1, server: localhost, request: "GET /test.php HTTP/1.1", host: "php-docker"
2022/10/19 14:41:58 [error] 23#23: *2 open() "/usr/share/nginx/html/test.php" failed (2: No such file or directory), client: 172.18.0.1, server: localhost, request: "GET /test.php HTTP/1.1", host: "php-docker"
2022/10/19 14:46:27 [notice] 1#1: signal 3 (SIGQUIT) received, shutting down
2022/10/19 14:46:27 [notice] 23#23: gracefully shutting down
2022/10/19 14:46:27 [notice] 23#23: exiting
2022/10/19 14:46:27 [notice] 23#23: exit
2022/10/19 14:46:27 [notice] 1#1: signal 17 (SIGCHLD) received from 23
2022/10/19 14:46:27 [notice] 1#1: worker process 23 exited with code 0
2022/10/19 14:46:27 [notice] 1#1: exit
2022/10/19 14:46:43 [notice] 1#1: using the "epoll" event method
2022/10/19 14:46:43 [notice] 1#1: nginx/1.23.1
2022/10/19 14:46:43 [notice] 1#1: built by gcc 10.2.1 20210110 (Debian 10.2.1-6) 
2022/10/19 14:46:43 [notice] 1#1: OS: Linux 5.4.0-126-generic
2022/10/19 14:46:43 [notice] 1#1: getrlimit(RLIMIT_NOFILE): 1024:524288
2022/10/19 14:46:43 [notice] 1#1: start worker processes
2022/10/19 14:46:43 [notice] 1#1: start worker process 23
2022/10/19 14:53:16 [notice] 1#1: signal 3 (SIGQUIT) received, shutting down
2022/10/19 14:53:16 [notice] 23#23: gracefully shutting down
2022/10/19 14:53:16 [notice] 23#23: exiting
2022/10/19 14:53:16 [notice] 23#23: exit
2022/10/19 14:53:16 [notice] 1#1: signal 17 (SIGCHLD) received from 23
2022/10/19 14:53:16 [notice] 1#1: worker process 23 exited with code 0
2022/10/19 14:53:16 [notice] 1#1: exit
2022/10/19 14:53:39 [notice] 1#1: using the "epoll" event method
2022/10/19 14:53:39 [notice] 1#1: nginx/1.23.1
2022/10/19 14:53:39 [notice] 1#1: built by gcc 10.2.1 20210110 (Debian 10.2.1-6) 
2022/10/19 14:53:39 [notice] 1#1: OS: Linux 5.4.0-126-generic
2022/10/19 14:53:39 [notice] 1#1: getrlimit(RLIMIT_NOFILE): 1024:524288
2022/10/19 14:53:39 [notice] 1#1: start worker processes
2022/10/19 14:53:39 [notice] 1#1: start worker process 23
2022/10/19 14:54:11 [error] 23#23: *1 open() "/usr/share/nginx/html/test.php" failed (2: No such file or directory), client: 172.18.0.1, server: localhost, request: "GET /test.php HTTP/1.1", host: "php-docker"
2022/10/19 14:55:18 [notice] 1#1: signal 3 (SIGQUIT) received, shutting down
2022/10/19 14:55:18 [notice] 23#23: gracefully shutting down
2022/10/19 14:55:18 [notice] 23#23: exiting
2022/10/19 14:55:18 [notice] 23#23: exit
2022/10/19 14:55:18 [notice] 1#1: signal 17 (SIGCHLD) received from 23
2022/10/19 14:55:18 [notice] 1#1: worker process 23 exited with code 0
2022/10/19 14:55:18 [notice] 1#1: exit
2022/10/19 14:58:03 [notice] 1#1: using the "epoll" event method
2022/10/19 14:58:03 [notice] 1#1: nginx/1.23.1
2022/10/19 14:58:03 [notice] 1#1: built by gcc 10.2.1 20210110 (Debian 10.2.1-6) 
2022/10/19 14:58:03 [notice] 1#1: OS: Linux 5.4.0-126-generic
2022/10/19 14:58:03 [notice] 1#1: getrlimit(RLIMIT_NOFILE): 1024:524288
2022/10/19 14:58:03 [notice] 1#1: start worker processes
2022/10/19 14:58:03 [notice] 1#1: start worker process 23
2022/10/19 14:58:12 [error] 23#23: *1 connect() failed (111: Connection refused) while connecting to upstream, client: 172.18.0.1, server: nginx, request: "GET / HTTP/1.1", upstream: "http://172.18.0.2:8080/", host: "nginx"
2022/10/19 14:58:15 [error] 23#23: *3 connect() failed (111: Connection refused) while connecting to upstream, client: 172.18.0.1, server: nginx, request: "GET / HTTP/1.1", upstream: "http://172.18.0.2:8080/", host: "nginx"
2022/10/19 14:58:23 [error] 23#23: *5 connect() failed (111: Connection refused) while connecting to upstream, client: 172.18.0.1, server: nginx, request: "GET /test.php HTTP/1.1", upstream: "http://172.18.0.2:8080/test.php", host: "nginx"
2022/10/19 14:59:54 [notice] 1#1: signal 3 (SIGQUIT) received, shutting down
2022/10/19 14:59:54 [notice] 23#23: gracefully shutting down
2022/10/19 14:59:54 [notice] 23#23: exiting
2022/10/19 14:59:54 [notice] 23#23: exit
2022/10/19 14:59:54 [notice] 1#1: signal 17 (SIGCHLD) received from 23
2022/10/19 14:59:54 [notice] 1#1: worker process 23 exited with code 0
2022/10/19 14:59:54 [notice] 1#1: exit
2022/10/19 15:02:25 [notice] 1#1: using the "epoll" event method
2022/10/19 15:02:25 [notice] 1#1: nginx/1.23.1
2022/10/19 15:02:25 [notice] 1#1: built by gcc 10.2.1 20210110 (Debian 10.2.1-6) 
2022/10/19 15:02:25 [notice] 1#1: OS: Linux 5.4.0-126-generic
2022/10/19 15:02:25 [notice] 1#1: getrlimit(RLIMIT_NOFILE): 1024:524288
2022/10/19 15:02:25 [notice] 1#1: start worker processes
2022/10/19 15:02:25 [notice] 1#1: start worker process 23
2022/10/19 15:12:52 [notice] 1#1: signal 3 (SIGQUIT) received, shutting down
2022/10/19 15:12:52 [notice] 23#23: gracefully shutting down
2022/10/19 15:12:52 [notice] 23#23: exiting
2022/10/19 15:12:52 [notice] 23#23: exit
2022/10/19 15:12:52 [notice] 1#1: signal 17 (SIGCHLD) received from 23
2022/10/19 15:12:52 [notice] 1#1: worker process 23 exited with code 0
2022/10/19 15:12:52 [notice] 1#1: exit
2022/10/19 15:13:21 [notice] 1#1: using the "epoll" event method
2022/10/19 15:13:21 [notice] 1#1: nginx/1.23.1
2022/10/19 15:13:21 [notice] 1#1: built by gcc 10.2.1 20210110 (Debian 10.2.1-6) 
2022/10/19 15:13:21 [notice] 1#1: OS: Linux 5.4.0-126-generic
2022/10/19 15:13:21 [notice] 1#1: getrlimit(RLIMIT_NOFILE): 1024:524288
2022/10/19 15:13:21 [notice] 1#1: start worker processes
2022/10/19 15:13:21 [notice] 1#1: start worker process 23
2022/10/19 15:13:36 [notice] 1#1: signal 3 (SIGQUIT) received, shutting down
2022/10/19 15:13:36 [notice] 23#23: gracefully shutting down
2022/10/19 15:13:36 [notice] 23#23: exiting
2022/10/19 15:13:36 [notice] 23#23: exit
2022/10/19 15:13:36 [notice] 1#1: signal 17 (SIGCHLD) received from 23
2022/10/19 15:13:36 [notice] 1#1: worker process 23 exited with code 0
2022/10/19 15:13:36 [notice] 1#1: exit
2022/10/19 15:13:46 [notice] 1#1: using the "epoll" event method
2022/10/19 15:13:46 [notice] 1#1: nginx/1.23.1
2022/10/19 15:13:46 [notice] 1#1: built by gcc 10.2.1 20210110 (Debian 10.2.1-6) 
2022/10/19 15:13:46 [notice] 1#1: OS: Linux 5.4.0-126-generic
2022/10/19 15:13:46 [notice] 1#1: getrlimit(RLIMIT_NOFILE): 1024:524288
2022/10/19 15:13:46 [notice] 1#1: start worker processes
2022/10/19 15:13:46 [notice] 1#1: start worker process 23
2022/10/19 15:24:10 [notice] 1#1: signal 3 (SIGQUIT) received, shutting down
2022/10/19 15:24:10 [notice] 23#23: gracefully shutting down
2022/10/19 15:24:10 [notice] 23#23: exiting
2022/10/19 15:24:10 [notice] 23#23: exit
2022/10/19 15:24:10 [notice] 1#1: signal 17 (SIGCHLD) received from 23
2022/10/19 15:24:10 [notice] 1#1: worker process 23 exited with code 0
2022/10/19 15:24:10 [notice] 1#1: exit
2022/10/19 15:44:28 [notice] 1#1: using the "epoll" event method
2022/10/19 15:44:28 [notice] 1#1: nginx/1.23.1
2022/10/19 15:44:28 [notice] 1#1: built by gcc 10.2.1 20210110 (Debian 10.2.1-6) 
2022/10/19 15:44:28 [notice] 1#1: OS: Linux 5.4.0-126-generic
2022/10/19 15:44:28 [notice] 1#1: getrlimit(RLIMIT_NOFILE): 1024:524288
2022/10/19 15:44:28 [notice] 1#1: start worker processes
2022/10/19 15:44:28 [notice] 1#1: start worker process 30
2022/10/19 15:44:47 [error] 30#30: *1 connect() failed (111: Connection refused) while connecting to upstream, client: 172.18.0.1, server: nginx, request: "GET /test.php HTTP/1.1", upstream: "fastcgi://172.18.0.2:9000", host: "nginx"
2022/10/19 15:44:54 [error] 30#30: *3 "/etc/nginx/html/test.php" is not found (2: No such file or directory), client: 172.18.0.1, server: nginx, request: "GET / HTTP/1.1", host: "nginx"
2022/10/19 15:45:06 [notice] 1#1: signal 3 (SIGQUIT) received, shutting down
2022/10/19 15:45:06 [notice] 30#30: gracefully shutting down
2022/10/19 15:45:06 [notice] 30#30: exiting
2022/10/19 15:45:06 [notice] 30#30: exit
2022/10/19 15:45:06 [notice] 1#1: signal 17 (SIGCHLD) received from 30
2022/10/19 15:45:06 [notice] 1#1: worker process 30 exited with code 0
2022/10/19 15:45:06 [notice] 1#1: exit
2022/10/19 16:12:05 [notice] 1#1: using the "epoll" event method
2022/10/19 16:12:05 [notice] 1#1: nginx/1.23.1
2022/10/19 16:12:05 [notice] 1#1: built by gcc 10.2.1 20210110 (Debian 10.2.1-6) 
2022/10/19 16:12:05 [notice] 1#1: OS: Linux 5.4.0-126-generic
2022/10/19 16:12:05 [notice] 1#1: getrlimit(RLIMIT_NOFILE): 1024:524288
2022/10/19 16:12:05 [notice] 1#1: start worker processes
2022/10/19 16:12:05 [notice] 1#1: start worker process 23
2022/10/19 16:12:13 [error] 23#23: *1 "/etc/nginx/html/test.php" is not found (2: No such file or directory), client: 172.18.0.1, server: nginx, request: "GET / HTTP/1.1", host: "nginx"
2022/10/19 16:12:22 [error] 23#23: *2 connect() failed (111: Connection refused) while connecting to upstream, client: 172.18.0.1, server: nginx, request: "GET /test.php HTTP/1.1", upstream: "fastcgi://172.18.0.2:9000", host: "nginx"
2022/10/19 16:12:46 [error] 23#23: *4 connect() failed (111: Connection refused) while connecting to upstream, client: 172.18.0.1, server: nginx, request: "GET /test.php HTTP/1.1", upstream: "fastcgi://172.18.0.2:9000", host: "nginx"
2022/10/19 16:14:48 [notice] 1#1: signal 3 (SIGQUIT) received, shutting down
2022/10/19 16:14:48 [notice] 23#23: gracefully shutting down
2022/10/19 16:14:48 [notice] 23#23: exiting
2022/10/19 16:14:48 [notice] 23#23: exit
2022/10/19 16:14:48 [notice] 1#1: signal 17 (SIGCHLD) received from 23
2022/10/19 16:14:48 [notice] 1#1: worker process 23 exited with code 0
2022/10/19 16:14:48 [notice] 1#1: exit
2022/10/19 16:20:13 [notice] 1#1: using the "epoll" event method
2022/10/19 16:20:13 [notice] 1#1: nginx/1.23.1
2022/10/19 16:20:13 [notice] 1#1: built by gcc 10.2.1 20210110 (Debian 10.2.1-6) 
2022/10/19 16:20:13 [notice] 1#1: OS: Linux 5.4.0-126-generic
2022/10/19 16:20:13 [notice] 1#1: getrlimit(RLIMIT_NOFILE): 1024:524288
2022/10/19 16:20:13 [notice] 1#1: start worker processes
2022/10/19 16:20:13 [notice] 1#1: start worker process 21
2022/10/19 16:20:21 [error] 21#21: *1 "/etc/nginx/html/test.php" is not found (2: No such file or directory), client: 172.18.0.1, server: nginx, request: "GET / HTTP/1.1", host: "nginx"
2022/10/19 16:22:11 [notice] 1#1: signal 3 (SIGQUIT) received, shutting down
2022/10/19 16:22:11 [notice] 21#21: gracefully shutting down
2022/10/19 16:22:11 [notice] 21#21: exiting
2022/10/19 16:22:11 [notice] 21#21: exit
2022/10/19 16:22:11 [notice] 1#1: signal 17 (SIGCHLD) received from 21
2022/10/19 16:22:11 [notice] 1#1: worker process 21 exited with code 0
2022/10/19 16:22:11 [notice] 1#1: exit
2022/10/19 16:24:11 [notice] 1#1: using the "epoll" event method
2022/10/19 16:24:11 [notice] 1#1: nginx/1.23.1
2022/10/19 16:24:11 [notice] 1#1: built by gcc 10.2.1 20210110 (Debian 10.2.1-6) 
2022/10/19 16:24:11 [notice] 1#1: OS: Linux 5.4.0-126-generic
2022/10/19 16:24:11 [notice] 1#1: getrlimit(RLIMIT_NOFILE): 1024:524288
2022/10/19 16:24:11 [notice] 1#1: start worker processes
2022/10/19 16:24:11 [notice] 1#1: start worker process 21
2022/10/19 16:24:18 [error] 21#21: *1 "/etc/nginx/html/test.php" is not found (2: No such file or directory), client: 172.18.0.1, server: nginx, request: "GET / HTTP/1.1", host: "nginx"
2022/10/19 16:24:34 [error] 21#21: *2 "/etc/nginx/html/test.php" is not found (2: No such file or directory), client: 172.18.0.1, server: nginx, request: "GET / HTTP/1.1", host: "nginx"
2022/10/19 16:25:37 [notice] 1#1: signal 3 (SIGQUIT) received, shutting down
2022/10/19 16:25:37 [notice] 21#21: gracefully shutting down
2022/10/19 16:25:37 [notice] 21#21: exiting
2022/10/19 16:25:37 [notice] 21#21: exit
2022/10/19 16:25:37 [notice] 1#1: signal 17 (SIGCHLD) received from 21
2022/10/19 16:25:37 [notice] 1#1: worker process 21 exited with code 0
2022/10/19 16:25:37 [notice] 1#1: exit
2022/10/19 16:25:43 [emerg] 1#1: directive "root" is not terminated by ";" in /etc/nginx/conf.d/server.conf:16
2022/10/19 16:26:22 [notice] 1#1: using the "epoll" event method
2022/10/19 16:26:22 [notice] 1#1: nginx/1.23.1
2022/10/19 16:26:22 [notice] 1#1: built by gcc 10.2.1 20210110 (Debian 10.2.1-6) 
2022/10/19 16:26:22 [notice] 1#1: OS: Linux 5.4.0-126-generic
2022/10/19 16:26:22 [notice] 1#1: getrlimit(RLIMIT_NOFILE): 1024:524288
2022/10/19 16:26:22 [notice] 1#1: start worker processes
2022/10/19 16:26:22 [notice] 1#1: start worker process 21
2022/10/19 16:26:29 [error] 21#21: *1 directory index of "/app/" is forbidden, client: 172.18.0.1, server: nginx, request: "GET / HTTP/1.1", host: "nginx"
2022/10/19 16:26:40 [error] 21#21: *2 FastCGI sent in stderr: "Primary script unknown" while reading response header from upstream, client: 172.18.0.1, server: nginx, request: "GET /test.php HTTP/1.1", upstream: "fastcgi://172.18.0.2:9000", host: "nginx"
2022/10/19 16:37:33 [notice] 1#1: signal 3 (SIGQUIT) received, shutting down
2022/10/19 16:37:33 [notice] 21#21: gracefully shutting down
2022/10/19 16:37:33 [notice] 21#21: exiting
2022/10/19 16:37:33 [notice] 21#21: exit
2022/10/19 16:37:33 [notice] 1#1: signal 17 (SIGCHLD) received from 21
2022/10/19 16:37:33 [notice] 1#1: worker process 21 exited with code 0
2022/10/19 16:37:33 [notice] 1#1: exit
2022/10/19 16:40:49 [notice] 1#1: using the "epoll" event method
2022/10/19 16:40:49 [notice] 1#1: nginx/1.23.1
2022/10/19 16:40:49 [notice] 1#1: built by gcc 10.2.1 20210110 (Debian 10.2.1-6) 
2022/10/19 16:40:49 [notice] 1#1: OS: Linux 5.4.0-126-generic
2022/10/19 16:40:49 [notice] 1#1: getrlimit(RLIMIT_NOFILE): 1024:524288
2022/10/19 16:40:49 [notice] 1#1: start worker processes
2022/10/19 16:40:49 [notice] 1#1: start worker process 21
2022/10/19 16:43:26 [notice] 1#1: signal 3 (SIGQUIT) received, shutting down
2022/10/19 16:43:26 [notice] 21#21: gracefully shutting down
2022/10/19 16:43:26 [notice] 21#21: exiting
2022/10/19 16:43:26 [notice] 21#21: exit
2022/10/19 16:43:26 [notice] 1#1: signal 17 (SIGCHLD) received from 21
2022/10/19 16:43:26 [notice] 1#1: worker process 21 exited with code 0
2022/10/19 16:43:26 [notice] 1#1: exit
2022/10/19 16:44:42 [notice] 1#1: using the "epoll" event method
2022/10/19 16:44:42 [notice] 1#1: nginx/1.23.1
2022/10/19 16:44:42 [notice] 1#1: built by gcc 10.2.1 20210110 (Debian 10.2.1-6) 
2022/10/19 16:44:42 [notice] 1#1: OS: Linux 5.4.0-126-generic
2022/10/19 16:44:42 [notice] 1#1: getrlimit(RLIMIT_NOFILE): 1024:524288
2022/10/19 16:44:42 [notice] 1#1: start worker processes
2022/10/19 16:44:42 [notice] 1#1: start worker process 21
2022/10/19 16:44:49 [error] 21#21: *1 directory index of "/app/" is forbidden, client: 172.18.0.1, server: nginx, request: "GET / HTTP/1.1", host: "nginx"
2022/10/19 16:46:21 [notice] 1#1: signal 3 (SIGQUIT) received, shutting down
2022/10/19 16:46:21 [notice] 21#21: gracefully shutting down
2022/10/19 16:46:21 [notice] 21#21: exiting
2022/10/19 16:46:21 [notice] 21#21: exit
2022/10/19 16:46:21 [notice] 1#1: signal 17 (SIGCHLD) received from 21
2022/10/19 16:46:21 [notice] 1#1: worker process 21 exited with code 0
2022/10/19 16:46:21 [notice] 1#1: exit
2022/10/19 16:47:06 [notice] 1#1: using the "epoll" event method
2022/10/19 16:47:06 [notice] 1#1: nginx/1.23.1
2022/10/19 16:47:06 [notice] 1#1: built by gcc 10.2.1 20210110 (Debian 10.2.1-6) 
2022/10/19 16:47:06 [notice] 1#1: OS: Linux 5.4.0-126-generic
2022/10/19 16:47:06 [notice] 1#1: getrlimit(RLIMIT_NOFILE): 1024:524288
2022/10/19 16:47:06 [notice] 1#1: start worker processes
2022/10/19 16:47:06 [notice] 1#1: start worker process 21
2022/10/19 16:59:46 [notice] 1#1: signal 3 (SIGQUIT) received, shutting down
2022/10/19 16:59:46 [notice] 21#21: gracefully shutting down
2022/10/19 16:59:46 [notice] 21#21: exiting
2022/10/19 16:59:46 [notice] 21#21: exit
2022/10/19 16:59:46 [notice] 1#1: signal 17 (SIGCHLD) received from 21
2022/10/19 16:59:46 [notice] 1#1: worker process 21 exited with code 0
2022/10/19 16:59:46 [notice] 1#1: exit
2022/10/19 17:00:26 [notice] 1#1: using the "epoll" event method
2022/10/19 17:00:26 [notice] 1#1: nginx/1.23.1
2022/10/19 17:00:26 [notice] 1#1: built by gcc 10.2.1 20210110 (Debian 10.2.1-6) 
2022/10/19 17:00:26 [notice] 1#1: OS: Linux 5.4.0-126-generic
2022/10/19 17:00:26 [notice] 1#1: getrlimit(RLIMIT_NOFILE): 1024:524288
2022/10/19 17:00:26 [notice] 1#1: start worker processes
2022/10/19 17:00:26 [notice] 1#1: start worker process 21
2022/10/19 17:04:50 [notice] 1#1: signal 3 (SIGQUIT) received, shutting down
2022/10/19 17:04:50 [notice] 21#21: gracefully shutting down
2022/10/19 17:04:50 [notice] 21#21: exiting
2022/10/19 17:04:50 [notice] 21#21: exit
2022/10/19 17:04:50 [notice] 1#1: signal 17 (SIGCHLD) received from 21
2022/10/19 17:04:50 [notice] 1#1: worker process 21 exited with code 0
2022/10/19 17:04:50 [notice] 1#1: exit
2022/10/19 17:05:42 [notice] 1#1: using the "epoll" event method
2022/10/19 17:05:42 [notice] 1#1: nginx/1.23.1
2022/10/19 17:05:42 [notice] 1#1: built by gcc 10.2.1 20210110 (Debian 10.2.1-6) 
2022/10/19 17:05:42 [notice] 1#1: OS: Linux 5.4.0-126-generic
2022/10/19 17:05:42 [notice] 1#1: getrlimit(RLIMIT_NOFILE): 1024:524288
2022/10/19 17:05:42 [notice] 1#1: start worker processes
2022/10/19 17:05:42 [notice] 1#1: start worker process 21
2022/10/19 17:09:29 [notice] 1#1: signal 3 (SIGQUIT) received, shutting down
2022/10/19 17:09:29 [notice] 21#21: gracefully shutting down
2022/10/19 17:09:29 [notice] 21#21: exiting
2022/10/19 17:09:29 [notice] 21#21: exit
2022/10/19 17:09:29 [notice] 1#1: signal 17 (SIGCHLD) received from 21
2022/10/19 17:09:29 [notice] 1#1: worker process 21 exited with code 0
2022/10/19 17:09:29 [notice] 1#1: exit
2022/10/19 17:11:10 [notice] 1#1: using the "epoll" event method
2022/10/19 17:11:10 [notice] 1#1: nginx/1.23.1
2022/10/19 17:11:10 [notice] 1#1: built by gcc 10.2.1 20210110 (Debian 10.2.1-6) 
2022/10/19 17:11:10 [notice] 1#1: OS: Linux 5.4.0-126-generic
2022/10/19 17:11:10 [notice] 1#1: getrlimit(RLIMIT_NOFILE): 1024:524288
2022/10/19 17:11:10 [notice] 1#1: start worker processes
2022/10/19 17:11:10 [notice] 1#1: start worker process 21
2022/10/19 17:20:30 [notice] 1#1: signal 3 (SIGQUIT) received, shutting down
2022/10/19 17:20:30 [notice] 21#21: gracefully shutting down
2022/10/19 17:20:30 [notice] 21#21: exiting
2022/10/19 17:20:30 [notice] 21#21: exit
2022/10/19 17:20:30 [notice] 1#1: signal 17 (SIGCHLD) received from 21
2022/10/19 17:20:30 [notice] 1#1: worker process 21 exited with code 0
2022/10/19 17:20:30 [notice] 1#1: exit
2022/10/19 17:20:45 [notice] 1#1: using the "epoll" event method
2022/10/19 17:20:45 [notice] 1#1: nginx/1.23.1
2022/10/19 17:20:45 [notice] 1#1: built by gcc 10.2.1 20210110 (Debian 10.2.1-6) 
2022/10/19 17:20:45 [notice] 1#1: OS: Linux 5.4.0-126-generic
2022/10/19 17:20:45 [notice] 1#1: getrlimit(RLIMIT_NOFILE): 1024:524288
2022/10/19 17:20:45 [notice] 1#1: start worker processes
2022/10/19 17:20:45 [notice] 1#1: start worker process 21
2022/10/19 17:21:06 [notice] 1#1: signal 3 (SIGQUIT) received, shutting down
2022/10/19 17:21:06 [notice] 21#21: gracefully shutting down
2022/10/19 17:21:06 [notice] 21#21: exiting
2022/10/19 17:21:06 [notice] 21#21: exit
2022/10/19 17:21:06 [notice] 1#1: signal 17 (SIGCHLD) received from 21
2022/10/19 17:21:06 [notice] 1#1: worker process 21 exited with code 0
2022/10/19 17:21:06 [notice] 1#1: exit
2022/10/19 17:25:35 [notice] 1#1: using the "epoll" event method
2022/10/19 17:25:35 [notice] 1#1: nginx/1.23.1
2022/10/19 17:25:35 [notice] 1#1: built by gcc 10.2.1 20210110 (Debian 10.2.1-6) 
2022/10/19 17:25:35 [notice] 1#1: OS: Linux 5.4.0-126-generic
2022/10/19 17:25:35 [notice] 1#1: getrlimit(RLIMIT_NOFILE): 1024:524288
2022/10/19 17:25:35 [notice] 1#1: start worker processes
2022/10/19 17:25:35 [notice] 1#1: start worker process 21
2022/10/19 17:28:16 [notice] 1#1: signal 3 (SIGQUIT) received, shutting down
2022/10/19 17:28:16 [notice] 21#21: gracefully shutting down
2022/10/19 17:28:16 [notice] 21#21: exiting
2022/10/19 17:28:16 [notice] 21#21: exit
2022/10/19 17:28:16 [notice] 1#1: signal 17 (SIGCHLD) received from 21
2022/10/19 17:28:16 [notice] 1#1: worker process 21 exited with code 0
2022/10/19 17:28:16 [notice] 1#1: exit
2022/10/19 17:28:35 [notice] 1#1: using the "epoll" event method
2022/10/19 17:28:35 [notice] 1#1: nginx/1.23.1
2022/10/19 17:28:35 [notice] 1#1: built by gcc 10.2.1 20210110 (Debian 10.2.1-6) 
2022/10/19 17:28:35 [notice] 1#1: OS: Linux 5.4.0-126-generic
2022/10/19 17:28:35 [notice] 1#1: getrlimit(RLIMIT_NOFILE): 1024:524288
2022/10/19 17:28:35 [notice] 1#1: start worker processes
2022/10/19 17:28:35 [notice] 1#1: start worker process 21
2022/10/19 17:29:02 [notice] 1#1: signal 3 (SIGQUIT) received, shutting down
2022/10/19 17:29:02 [notice] 21#21: gracefully shutting down
2022/10/19 17:29:02 [notice] 21#21: exiting
2022/10/19 17:29:02 [notice] 21#21: exit
2022/10/19 17:29:02 [notice] 1#1: signal 17 (SIGCHLD) received from 21
2022/10/19 17:29:02 [notice] 1#1: worker process 21 exited with code 0
2022/10/19 17:29:02 [notice] 1#1: exit
2022/10/19 17:29:44 [notice] 1#1: using the "epoll" event method
2022/10/19 17:29:44 [notice] 1#1: nginx/1.23.1
2022/10/19 17:29:44 [notice] 1#1: built by gcc 10.2.1 20210110 (Debian 10.2.1-6) 
2022/10/19 17:29:44 [notice] 1#1: OS: Linux 5.4.0-126-generic
2022/10/19 17:29:44 [notice] 1#1: getrlimit(RLIMIT_NOFILE): 1024:524288
2022/10/19 17:29:44 [notice] 1#1: start worker processes
2022/10/19 17:29:44 [notice] 1#1: start worker process 21
2022/10/19 18:54:42 [notice] 1#1: signal 3 (SIGQUIT) received, shutting down
2022/10/19 18:54:42 [notice] 21#21: gracefully shutting down
2022/10/19 18:54:42 [notice] 21#21: exiting
2022/10/19 18:54:42 [notice] 21#21: exit
2022/10/19 18:54:42 [notice] 1#1: signal 17 (SIGCHLD) received from 21
2022/10/19 18:54:42 [notice] 1#1: worker process 21 exited with code 0
2022/10/19 18:54:42 [notice] 1#1: exit
2022/10/19 18:56:30 [notice] 1#1: using the "epoll" event method
2022/10/19 18:56:30 [notice] 1#1: nginx/1.23.1
2022/10/19 18:56:30 [notice] 1#1: built by gcc 10.2.1 20210110 (Debian 10.2.1-6) 
2022/10/19 18:56:30 [notice] 1#1: OS: Linux 5.4.0-126-generic
2022/10/19 18:56:30 [notice] 1#1: getrlimit(RLIMIT_NOFILE): 1024:524288
2022/10/19 18:56:30 [notice] 1#1: start worker processes
2022/10/19 18:56:30 [notice] 1#1: start worker process 21
2022/10/19 18:57:19 [notice] 1#1: signal 3 (SIGQUIT) received, shutting down
2022/10/19 18:57:19 [notice] 21#21: gracefully shutting down
2022/10/19 18:57:19 [notice] 21#21: exiting
2022/10/19 18:57:19 [notice] 21#21: exit
2022/10/19 18:57:19 [notice] 1#1: signal 17 (SIGCHLD) received from 21
2022/10/19 18:57:19 [notice] 1#1: worker process 21 exited with code 0
2022/10/19 18:57:19 [notice] 1#1: exit
2022/10/19 18:58:09 [notice] 1#1: using the "epoll" event method
2022/10/19 18:58:09 [notice] 1#1: nginx/1.23.1
2022/10/19 18:58:09 [notice] 1#1: built by gcc 10.2.1 20210110 (Debian 10.2.1-6) 
2022/10/19 18:58:09 [notice] 1#1: OS: Linux 5.4.0-126-generic
2022/10/19 18:58:09 [notice] 1#1: getrlimit(RLIMIT_NOFILE): 1024:524288
2022/10/19 18:58:09 [notice] 1#1: start worker processes
2022/10/19 18:58:09 [notice] 1#1: start worker process 21
2022/10/19 18:58:23 [notice] 1#1: signal 3 (SIGQUIT) received, shutting down
2022/10/19 18:58:23 [notice] 21#21: gracefully shutting down
2022/10/19 18:58:23 [notice] 21#21: exiting
2022/10/19 18:58:23 [notice] 21#21: exit
2022/10/19 18:58:23 [notice] 1#1: signal 17 (SIGCHLD) received from 21
2022/10/19 18:58:23 [notice] 1#1: worker process 21 exited with code 0
2022/10/19 18:58:23 [notice] 1#1: exit
2022/10/19 19:00:57 [notice] 1#1: using the "epoll" event method
2022/10/19 19:00:57 [notice] 1#1: nginx/1.23.2
2022/10/19 19:00:57 [notice] 1#1: built by gcc 10.2.1 20210110 (Debian 10.2.1-6) 
2022/10/19 19:00:57 [notice] 1#1: OS: Linux 5.4.0-126-generic
2022/10/19 19:00:57 [notice] 1#1: getrlimit(RLIMIT_NOFILE): 1024:524288
2022/10/19 19:00:57 [notice] 1#1: start worker processes
2022/10/19 19:00:57 [notice] 1#1: start worker process 19
2022/10/19 19:01:31 [notice] 1#1: signal 3 (SIGQUIT) received, shutting down
2022/10/19 19:01:31 [notice] 19#19: gracefully shutting down
2022/10/19 19:01:31 [notice] 19#19: exiting
2022/10/19 19:01:31 [notice] 19#19: exit
2022/10/19 19:01:31 [notice] 1#1: signal 17 (SIGCHLD) received from 19
2022/10/19 19:01:31 [notice] 1#1: worker process 19 exited with code 0
2022/10/19 19:01:31 [notice] 1#1: exit
2022/10/19 19:30:49 [notice] 1#1: using the "epoll" event method
2022/10/19 19:30:49 [notice] 1#1: nginx/1.23.2
2022/10/19 19:30:49 [notice] 1#1: built by gcc 10.2.1 20210110 (Debian 10.2.1-6) 
2022/10/19 19:30:49 [notice] 1#1: OS: Linux 5.4.0-126-generic
2022/10/19 19:30:49 [notice] 1#1: getrlimit(RLIMIT_NOFILE): 1024:524288
2022/10/19 19:30:49 [notice] 1#1: start worker processes
2022/10/19 19:30:49 [notice] 1#1: start worker process 19
2022/10/20 13:45:15 [notice] 1#1: using the "epoll" event method
2022/10/20 13:45:15 [notice] 1#1: nginx/1.23.2
2022/10/20 13:45:15 [notice] 1#1: built by gcc 10.2.1 20210110 (Debian 10.2.1-6) 
2022/10/20 13:45:15 [notice] 1#1: OS: Linux 5.4.0-128-generic
2022/10/20 13:45:15 [notice] 1#1: getrlimit(RLIMIT_NOFILE): 1024:524288
2022/10/20 13:45:15 [notice] 1#1: start worker processes
2022/10/20 13:45:15 [notice] 1#1: start worker process 19
2022/10/20 14:04:12 [error] 19#19: *11 upstream timed out (110: Connection timed out) while reading response header from upstream, client: 172.20.0.1, server: nginx, request: "GET /test.php HTTP/1.1", upstream: "fastcgi://172.20.0.2:9000", host: "nginx"
2022/10/20 14:05:50 [error] 19#19: *13 upstream timed out (110: Connection timed out) while reading response header from upstream, client: 172.20.0.1, server: nginx, request: "GET /test.php HTTP/1.1", upstream: "fastcgi://172.20.0.2:9000", host: "nginx"
2022/10/20 14:07:34 [error] 19#19: *17 upstream timed out (110: Connection timed out) while reading response header from upstream, client: 172.20.0.1, server: nginx, request: "GET /test.php HTTP/1.1", upstream: "fastcgi://172.20.0.2:9000", host: "nginx"
