2022/10/19 10:37:46 [emerg] 1#1: host not found in upstream "php" in /etc/nginx/conf.d/server.conf:11
2022/10/19 10:42:27 [emerg] 1#1: host not found in upstream "php" in /etc/nginx/conf.d/server.conf:11
2022/10/19 10:53:00 [emerg] 1#1: host not found in upstream "php" in /etc/nginx/conf.d/default.conf:11
2022/10/19 10:54:03 [emerg] 1#1: host not found in upstream "php" in /etc/nginx/conf.d/default.conf:11
2022/10/19 10:54:59 [emerg] 1#1: host not found in upstream "php" in /etc/nginx/conf.d/default.conf:11
2022/10/19 10:55:29 [emerg] 1#1: host not found in upstream "php" in /etc/nginx/conf.d/default.conf:11
2022/10/19 10:55:49 [emerg] 1#1: host not found in upstream "php" in /etc/nginx/conf.d/default.conf:11
2022/10/19 10:56:39 [emerg] 1#1: host not found in upstream "php" in /etc/nginx/conf.d/default.conf:11
2022/10/19 10:57:52 [emerg] 1#1: host not found in upstream "php" in /etc/nginx/conf.d/default.conf:11
2022/10/19 10:58:42 [notice] 1#1: using the "epoll" event method
2022/10/19 10:58:42 [notice] 1#1: nginx/1.23.1
2022/10/19 10:58:42 [notice] 1#1: built by gcc 10.2.1 20210110 (Debian 10.2.1-6) 
2022/10/19 10:58:42 [notice] 1#1: OS: Linux 5.4.0-126-generic
2022/10/19 10:58:42 [notice] 1#1: getrlimit(RLIMIT_NOFILE): 1024:524288
2022/10/19 10:58:42 [notice] 1#1: start worker processes
2022/10/19 10:58:42 [notice] 1#1: start worker process 30
2022/10/19 10:59:23 [error] 30#30: *1 "/var/www/test.php" is not found (2: No such file or directory), client: 172.18.0.1, server: php-docker.local, request: "GET / HTTP/1.1", host: "localhost"
2022/10/19 10:59:45 [error] 30#30: *2 "/var/www/test.php" is not found (2: No such file or directory), client: 172.18.0.1, server: php-docker.local, request: "GET / HTTP/1.1", host: "localhost"
2022/10/19 11:00:06 [notice] 1#1: signal 3 (SIGQUIT) received, shutting down
2022/10/19 11:00:06 [notice] 30#30: gracefully shutting down
2022/10/19 11:00:06 [notice] 30#30: exiting
2022/10/19 11:00:06 [notice] 30#30: exit
2022/10/19 11:00:06 [notice] 1#1: signal 17 (SIGCHLD) received from 30
2022/10/19 11:00:06 [notice] 1#1: worker process 30 exited with code 0
2022/10/19 11:00:06 [notice] 1#1: exit
2022/10/19 11:00:29 [notice] 1#1: using the "epoll" event method
2022/10/19 11:00:29 [notice] 1#1: nginx/1.23.1
2022/10/19 11:00:29 [notice] 1#1: built by gcc 10.2.1 20210110 (Debian 10.2.1-6) 
2022/10/19 11:00:29 [notice] 1#1: OS: Linux 5.4.0-126-generic
2022/10/19 11:00:29 [notice] 1#1: getrlimit(RLIMIT_NOFILE): 1024:524288
2022/10/19 11:00:29 [notice] 1#1: start worker processes
2022/10/19 11:00:29 [notice] 1#1: start worker process 30
2022/10/19 11:00:35 [error] 30#30: *1 "/var/www/test.php" is not found (2: No such file or directory), client: 172.18.0.1, server: php-docker.local, request: "GET / HTTP/1.1", host: "localhost"
2022/10/19 11:01:33 [notice] 1#1: signal 3 (SIGQUIT) received, shutting down
2022/10/19 11:01:33 [notice] 30#30: gracefully shutting down
2022/10/19 11:01:33 [notice] 30#30: exiting
2022/10/19 11:01:33 [notice] 30#30: exit
2022/10/19 11:01:33 [notice] 1#1: signal 17 (SIGCHLD) received from 30
2022/10/19 11:01:33 [notice] 1#1: worker process 30 exited with code 0
2022/10/19 11:01:33 [notice] 1#1: exit
2022/10/19 11:01:39 [notice] 1#1: using the "epoll" event method
2022/10/19 11:01:39 [notice] 1#1: nginx/1.23.1
2022/10/19 11:01:39 [notice] 1#1: built by gcc 10.2.1 20210110 (Debian 10.2.1-6) 
2022/10/19 11:01:39 [notice] 1#1: OS: Linux 5.4.0-126-generic
2022/10/19 11:01:39 [notice] 1#1: getrlimit(RLIMIT_NOFILE): 1024:524288
2022/10/19 11:01:39 [notice] 1#1: start worker processes
2022/10/19 11:01:39 [notice] 1#1: start worker process 30
2022/10/19 11:01:58 [error] 30#30: *1 "/var/www/test.php" is not found (2: No such file or directory), client: 172.18.0.1, server: php-docker.local, request: "GET / HTTP/1.1", host: "localhost"
2022/10/19 11:02:15 [notice] 1#1: signal 3 (SIGQUIT) received, shutting down
2022/10/19 11:02:15 [notice] 30#30: gracefully shutting down
2022/10/19 11:02:15 [notice] 30#30: exiting
2022/10/19 11:02:15 [notice] 30#30: exit
2022/10/19 11:02:15 [notice] 1#1: signal 17 (SIGCHLD) received from 30
2022/10/19 11:02:15 [notice] 1#1: worker process 30 exited with code 0
2022/10/19 11:02:15 [notice] 1#1: exit
2022/10/19 11:02:47 [notice] 1#1: using the "epoll" event method
2022/10/19 11:02:47 [notice] 1#1: nginx/1.23.1
2022/10/19 11:02:47 [notice] 1#1: built by gcc 10.2.1 20210110 (Debian 10.2.1-6) 
2022/10/19 11:02:47 [notice] 1#1: OS: Linux 5.4.0-126-generic
2022/10/19 11:02:47 [notice] 1#1: getrlimit(RLIMIT_NOFILE): 1024:524288
2022/10/19 11:02:47 [notice] 1#1: start worker processes
2022/10/19 11:02:47 [notice] 1#1: start worker process 31
2022/10/19 11:03:25 [notice] 1#1: signal 3 (SIGQUIT) received, shutting down
2022/10/19 11:03:25 [notice] 31#31: gracefully shutting down
2022/10/19 11:03:25 [notice] 31#31: exiting
2022/10/19 11:03:25 [notice] 31#31: exit
2022/10/19 11:03:25 [notice] 1#1: signal 17 (SIGCHLD) received from 31
2022/10/19 11:03:25 [notice] 1#1: worker process 31 exited with code 0
2022/10/19 11:03:25 [notice] 1#1: exit
2022/10/19 11:12:51 [notice] 1#1: using the "epoll" event method
2022/10/19 11:12:51 [notice] 1#1: nginx/1.23.1
2022/10/19 11:12:51 [notice] 1#1: built by gcc 10.2.1 20210110 (Debian 10.2.1-6) 
2022/10/19 11:12:51 [notice] 1#1: OS: Linux 5.4.0-126-generic
2022/10/19 11:12:51 [notice] 1#1: getrlimit(RLIMIT_NOFILE): 1024:524288
2022/10/19 11:12:51 [notice] 1#1: start worker processes
2022/10/19 11:12:51 [notice] 1#1: start worker process 31
2022/10/19 11:13:41 [notice] 1#1: signal 3 (SIGQUIT) received, shutting down
2022/10/19 11:13:41 [notice] 31#31: gracefully shutting down
2022/10/19 11:13:41 [notice] 31#31: exiting
2022/10/19 11:13:41 [notice] 31#31: exit
2022/10/19 11:13:41 [notice] 1#1: signal 17 (SIGCHLD) received from 31
2022/10/19 11:13:41 [notice] 1#1: worker process 31 exited with code 0
2022/10/19 11:13:41 [notice] 1#1: exit
